Running on node019.cluster
CPUs: 4
RAM: 32768
Python path:
/home/ri52yof/temp_seq_nn/.venv/bin/python
Python 3.13.12
WARNING: All log messages before absl::InitializeLog() is called are written to STDERR
I0000 00:00:1783630475.720188 2628690 port.cc:153] oneDNN custom operations are on. You may see slightly different numerical results due to floating-point round-off errors from different computation orders. To turn them off, set the environment variable `TF_ENABLE_ONEDNN_OPTS=0`.
I0000 00:00:1783630475.747899 2628690 cudart_stub.cc:31] Could not find cuda drivers on your machine, GPU will not be used.
I0000 00:00:1783630477.791863 2628690 cpu_feature_guard.cc:227] This TensorFlow binary is optimized to use available CPU instructions in performance-critical operations.
To enable the following instructions: AVX2 AVX512F AVX512_VNNI FMA, in other operations, rebuild TensorFlow with the appropriate compiler flags.
WARNING: All log messages before absl::InitializeLog() is called are written to STDERR
I0000 00:00:1783630509.271678 2628690 port.cc:153] oneDNN custom operations are on. You may see slightly different numerical results due to floating-point round-off errors from different computation orders. To turn them off, set the environment variable `TF_ENABLE_ONEDNN_OPTS=0`.
I0000 00:00:1783630509.297985 2628690 cudart_stub.cc:31] Could not find cuda drivers on your machine, GPU will not be used.
E0000 00:00:1783630536.240362 2628690 cuda_platform.cc:52] failed call to cuInit: INTERNAL: CUDA error: Failed call to cuInit: UNKNOWN ERROR (303)
[I 2026-07-09 22:55:55,314] A new study created in memory with name: no-name-5dc9ad2a-1737-4098-8fc4-2a0ab2a4f0db
[I 2026-07-09 22:57:50,979] Trial 0 finished with value: 0.04399437829852104 and parameters: {'num_conv_layers': 2, 'filters_l0': 64, 'filters_l1': 32, 'kernel_size': 7, 'dilation_base': 3, 'lstm_units': 128, 'dropout_rate': 0.1, 'learning_rate': 0.0010150667045928574}. Best is trial 0 with value: 0.04399437829852104.
[I 2026-07-09 23:00:19,254] Trial 1 finished with value: 0.05484428256750107 and parameters: {'num_conv_layers': 5, 'filters_l0': 16, 'filters_l1': 256, 'filters_l2': 32, 'filters_l3': 32, 'filters_l4': 32, 'kernel_size': 5, 'dilation_base': 1, 'lstm_units': 128, 'dropout_rate': 0.1, 'learning_rate': 0.00010218376758008094}. Best is trial 0 with value: 0.04399437829852104.
[I 2026-07-09 23:02:31,731] Trial 2 finished with value: 0.0414755679666996 and parameters: {'num_conv_layers': 1, 'filters_l0': 64, 'kernel_size': 7, 'dilation_base': 3, 'lstm_units': 128, 'dropout_rate': 0.2, 'learning_rate': 0.0007728716861851782}. Best is trial 2 with value: 0.0414755679666996.
[I 2026-07-09 23:03:45,101] Trial 3 finished with value: 0.06576970964670181 and parameters: {'num_conv_layers': 5, 'filters_l0': 64, 'filters_l1': 16, 'filters_l2': 16, 'filters_l3': 256, 'filters_l4': 256, 'kernel_size': 3, 'dilation_base': 1, 'lstm_units': 64, 'dropout_rate': 0.3, 'learning_rate': 0.004316871138429612}. Best is trial 2 with value: 0.0414755679666996.
[I 2026-07-09 23:05:47,242] Trial 4 finished with value: 0.04597708582878113 and parameters: {'num_conv_layers': 2, 'filters_l0': 256, 'filters_l1': 128, 'kernel_size': 5, 'dilation_base': 1, 'lstm_units': 32, 'dropout_rate': 0.05, 'learning_rate': 0.0010090423315981853}. Best is trial 2 with value: 0.0414755679666996.
[I 2026-07-09 23:06:58,955] Trial 5 finished with value: 0.04572067782282829 and parameters: {'num_conv_layers': 1, 'filters_l0': 128, 'kernel_size': 7, 'dilation_base': 1, 'lstm_units': 32, 'dropout_rate': 0.3, 'learning_rate': 0.0011902012049596242}. Best is trial 2 with value: 0.0414755679666996.
[I 2026-07-09 23:08:57,837] Trial 6 finished with value: 0.04106143116950989 and parameters: {'num_conv_layers': 4, 'filters_l0': 256, 'filters_l1': 128, 'filters_l2': 64, 'filters_l3': 128, 'kernel_size': 3, 'dilation_base': 2, 'lstm_units': 64, 'dropout_rate': 0.05, 'learning_rate': 0.0009553057578887412}. Best is trial 6 with value: 0.04106143116950989.
[I 2026-07-09 23:12:31,682] Trial 7 finished with value: 0.034956060349941254 and parameters: {'num_conv_layers': 3, 'filters_l0': 128, 'filters_l1': 256, 'filters_l2': 16, 'kernel_size': 7, 'dilation_base': 1, 'lstm_units': 128, 'dropout_rate': 0.2, 'learning_rate': 0.0015283007861169701}. Best is trial 7 with value: 0.034956060349941254.
[I 2026-07-09 23:14:56,594] Trial 8 finished with value: 0.04368864744901657 and parameters: {'num_conv_layers': 5, 'filters_l0': 32, 'filters_l1': 128, 'filters_l2': 64, 'filters_l3': 64, 'filters_l4': 16, 'kernel_size': 5, 'dilation_base': 3, 'lstm_units': 128, 'dropout_rate': 0.2, 'learning_rate': 0.0005569282867377166}. Best is trial 7 with value: 0.034956060349941254.
[I 2026-07-09 23:15:49,327] Trial 9 pruned. 
[I 2026-07-09 23:16:30,770] Trial 10 pruned. 
[I 2026-07-09 23:17:02,354] Trial 11 pruned. 
[I 2026-07-09 23:17:52,552] Trial 12 pruned. 
[I 2026-07-09 23:18:14,077] Trial 13 pruned. 
[I 2026-07-09 23:18:37,981] Trial 14 pruned. 
[I 2026-07-09 23:20:52,180] Trial 15 finished with value: 0.041991136968135834 and parameters: {'num_conv_layers': 3, 'filters_l0': 256, 'filters_l1': 64, 'filters_l2': 16, 'kernel_size': 7, 'dilation_base': 2, 'lstm_units': 128, 'dropout_rate': 0.05, 'learning_rate': 0.0002704557799423691}. Best is trial 7 with value: 0.034956060349941254.
[I 2026-07-09 23:21:38,592] Trial 16 pruned. 
[I 2026-07-09 23:22:20,536] Trial 17 pruned. 
[I 2026-07-09 23:24:35,903] Trial 18 finished with value: 0.04272456467151642 and parameters: {'num_conv_layers': 4, 'filters_l0': 128, 'filters_l1': 256, 'filters_l2': 64, 'filters_l3': 16, 'kernel_size': 7, 'dilation_base': 1, 'lstm_units': 64, 'dropout_rate': 0.2, 'learning_rate': 0.0027544628156037734}. Best is trial 7 with value: 0.034956060349941254.
[I 2026-07-09 23:24:51,943] Trial 19 pruned. 
[I 2026-07-09 23:25:24,988] Trial 20 pruned. 
[I 2026-07-09 23:25:58,678] Trial 21 pruned. 
[I 2026-07-09 23:27:18,939] Trial 22 pruned. 
[I 2026-07-09 23:27:57,608] Trial 23 pruned. 
[I 2026-07-09 23:29:13,497] Trial 24 pruned. 
[I 2026-07-09 23:31:04,317] Trial 25 finished with value: 0.03878353163599968 and parameters: {'num_conv_layers': 3, 'filters_l0': 256, 'filters_l1': 64, 'filters_l2': 16, 'kernel_size': 3, 'dilation_base': 3, 'lstm_units': 64, 'dropout_rate': 0.2, 'learning_rate': 0.0013385428739196925}. Best is trial 7 with value: 0.034956060349941254.
[I 2026-07-09 23:31:33,700] Trial 26 pruned. 
[I 2026-07-09 23:32:00,949] Trial 27 pruned. 
[I 2026-07-09 23:32:27,967] Trial 28 pruned. 
[I 2026-07-09 23:32:49,875] Trial 29 pruned. 
[I 2026-07-09 23:33:21,002] Trial 30 pruned. 
[I 2026-07-09 23:35:51,924] Trial 31 finished with value: 0.04196952283382416 and parameters: {'num_conv_layers': 3, 'filters_l0': 64, 'filters_l1': 64, 'filters_l2': 64, 'kernel_size': 7, 'dilation_base': 3, 'lstm_units': 128, 'dropout_rate': 0.2, 'learning_rate': 0.000866678193884547}. Best is trial 7 with value: 0.034956060349941254.
[I 2026-07-09 23:36:40,211] Trial 32 pruned. 
[I 2026-07-09 23:37:46,438] Trial 33 finished with value: 0.0542546845972538 and parameters: {'num_conv_layers': 3, 'filters_l0': 64, 'filters_l1': 128, 'filters_l2': 32, 'kernel_size': 7, 'dilation_base': 3, 'lstm_units': 128, 'dropout_rate': 0.2, 'learning_rate': 0.0006043696542037743}. Best is trial 7 with value: 0.034956060349941254.
[I 2026-07-09 23:38:39,609] Trial 34 pruned. 
[I 2026-07-09 23:41:07,416] Trial 35 finished with value: 0.04087216407060623 and parameters: {'num_conv_layers': 5, 'filters_l0': 128, 'filters_l1': 64, 'filters_l2': 128, 'filters_l3': 128, 'filters_l4': 64, 'kernel_size': 5, 'dilation_base': 1, 'lstm_units': 64, 'dropout_rate': 0.3, 'learning_rate': 0.0011211751181888765}. Best is trial 7 with value: 0.034956060349941254.
[I 2026-07-09 23:41:45,153] Trial 36 pruned. 
[I 2026-07-09 23:42:23,236] Trial 37 pruned. 
[I 2026-07-09 23:42:59,667] Trial 38 pruned. 
[I 2026-07-09 23:43:33,790] Trial 39 pruned. 
[I 2026-07-09 23:44:03,197] Trial 40 pruned. 
[I 2026-07-09 23:44:34,593] Trial 41 pruned. 
[I 2026-07-09 23:45:47,764] Trial 42 pruned. 
[I 2026-07-09 23:46:14,060] Trial 43 pruned. 
[I 2026-07-09 23:46:54,512] Trial 44 pruned. 
[I 2026-07-09 23:47:33,412] Trial 45 pruned. 
[I 2026-07-09 23:47:59,516] Trial 46 pruned. 
[I 2026-07-09 23:48:27,828] Trial 47 pruned. 
[I 2026-07-09 23:52:11,061] Trial 48 finished with value: 0.04062271863222122 and parameters: {'num_conv_layers': 3, 'filters_l0': 256, 'filters_l1': 128, 'filters_l2': 128, 'kernel_size': 5, 'dilation_base': 2, 'lstm_units': 128, 'dropout_rate': 0.05, 'learning_rate': 0.0013180308261185201}. Best is trial 7 with value: 0.034956060349941254.
[I 2026-07-09 23:55:54,904] Trial 49 finished with value: 0.03884506598114967 and parameters: {'num_conv_layers': 3, 'filters_l0': 256, 'filters_l1': 128, 'filters_l2': 128, 'kernel_size': 5, 'dilation_base': 2, 'lstm_units': 128, 'dropout_rate': 0.05, 'learning_rate': 0.0020817881167665762}. Best is trial 7 with value: 0.034956060349941254.
[I 2026-07-09 23:58:56,750] Trial 50 finished with value: 0.041194699704647064 and parameters: {'num_conv_layers': 3, 'filters_l0': 256, 'filters_l1': 128, 'filters_l2': 128, 'kernel_size': 5, 'dilation_base': 2, 'lstm_units': 128, 'dropout_rate': 0.05, 'learning_rate': 0.002204464781447495}. Best is trial 7 with value: 0.034956060349941254.
[I 2026-07-10 00:02:01,209] Trial 51 finished with value: 0.04207565262913704 and parameters: {'num_conv_layers': 3, 'filters_l0': 256, 'filters_l1': 128, 'filters_l2': 128, 'kernel_size': 5, 'dilation_base': 2, 'lstm_units': 128, 'dropout_rate': 0.05, 'learning_rate': 0.0014087606320859916}. Best is trial 7 with value: 0.034956060349941254.
[I 2026-07-10 00:05:20,352] Trial 52 finished with value: 0.040686916559934616 and parameters: {'num_conv_layers': 3, 'filters_l0': 256, 'filters_l1': 128, 'filters_l2': 128, 'kernel_size': 5, 'dilation_base': 2, 'lstm_units': 128, 'dropout_rate': 0.05, 'learning_rate': 0.0035667897517503945}. Best is trial 7 with value: 0.034956060349941254.
[I 2026-07-10 00:06:14,050] Trial 53 pruned. 
[I 2026-07-10 00:10:16,618] Trial 54 finished with value: 0.040914617478847504 and parameters: {'num_conv_layers': 3, 'filters_l0': 256, 'filters_l1': 128, 'filters_l2': 128, 'kernel_size': 5, 'dilation_base': 2, 'lstm_units': 128, 'dropout_rate': 0.05, 'learning_rate': 0.0018519517787756515}. Best is trial 7 with value: 0.034956060349941254.
[I 2026-07-10 00:14:02,286] Trial 55 finished with value: 0.041162390261888504 and parameters: {'num_conv_layers': 3, 'filters_l0': 256, 'filters_l1': 128, 'filters_l2': 128, 'kernel_size': 5, 'dilation_base': 2, 'lstm_units': 128, 'dropout_rate': 0.05, 'learning_rate': 0.0036531601524460566}. Best is trial 7 with value: 0.034956060349941254.
[I 2026-07-10 00:16:13,452] Trial 56 finished with value: 0.04282345622777939 and parameters: {'num_conv_layers': 3, 'filters_l0': 256, 'filters_l1': 128, 'filters_l2': 128, 'kernel_size': 5, 'dilation_base': 2, 'lstm_units': 128, 'dropout_rate': 0.05, 'learning_rate': 0.0033786589611702403}. Best is trial 7 with value: 0.034956060349941254.
[I 2026-07-10 00:18:47,049] Trial 57 finished with value: 0.04278756305575371 and parameters: {'num_conv_layers': 3, 'filters_l0': 256, 'filters_l1': 128, 'filters_l2': 128, 'kernel_size': 5, 'dilation_base': 2, 'lstm_units': 128, 'dropout_rate': 0.05, 'learning_rate': 0.0024830668442263532}. Best is trial 7 with value: 0.034956060349941254.
[I 2026-07-10 00:22:02,407] Trial 58 finished with value: 0.042153216898441315 and parameters: {'num_conv_layers': 3, 'filters_l0': 128, 'filters_l1': 256, 'filters_l2': 128, 'kernel_size': 5, 'dilation_base': 2, 'lstm_units': 128, 'dropout_rate': 0.05, 'learning_rate': 0.0019898735656255955}. Best is trial 7 with value: 0.034956060349941254.
[I 2026-07-10 00:24:30,394] Trial 59 finished with value: 0.03857841342687607 and parameters: {'num_conv_layers': 3, 'filters_l0': 256, 'filters_l1': 16, 'filters_l2': 128, 'kernel_size': 5, 'dilation_base': 2, 'lstm_units': 128, 'dropout_rate': 0.05, 'learning_rate': 0.0015823549400854086}. Best is trial 7 with value: 0.034956060349941254.
[I 2026-07-10 00:27:49,990] Trial 60 finished with value: 0.038642238825559616 and parameters: {'num_conv_layers': 3, 'filters_l0': 256, 'filters_l1': 16, 'filters_l2': 256, 'kernel_size': 5, 'dilation_base': 2, 'lstm_units': 128, 'dropout_rate': 0.05, 'learning_rate': 0.0015693607686926637}. Best is trial 7 with value: 0.034956060349941254.
[I 2026-07-10 00:28:55,794] Trial 61 pruned. 
[I 2026-07-10 00:30:06,155] Trial 62 pruned. 
[I 2026-07-10 00:31:16,051] Trial 63 pruned. 
[I 2026-07-10 00:33:13,214] Trial 64 finished with value: 0.03708552569150925 and parameters: {'num_conv_layers': 3, 'filters_l0': 256, 'filters_l1': 16, 'filters_l2': 16, 'kernel_size': 5, 'dilation_base': 2, 'lstm_units': 128, 'dropout_rate': 0.05, 'learning_rate': 0.001424238474362031}. Best is trial 7 with value: 0.034956060349941254.
[I 2026-07-10 00:36:02,399] Trial 65 finished with value: 0.03447982296347618 and parameters: {'num_conv_layers': 3, 'filters_l0': 256, 'filters_l1': 16, 'filters_l2': 16, 'kernel_size': 5, 'dilation_base': 2, 'lstm_units': 128, 'dropout_rate': 0.05, 'learning_rate': 0.0014659938306838308}. Best is trial 65 with value: 0.03447982296347618.
[I 2026-07-10 00:37:40,933] Trial 66 finished with value: 0.03724303096532822 and parameters: {'num_conv_layers': 3, 'filters_l0': 256, 'filters_l1': 16, 'filters_l2': 16, 'kernel_size': 5, 'dilation_base': 2, 'lstm_units': 128, 'dropout_rate': 0.05, 'learning_rate': 0.0015321917601135429}. Best is trial 65 with value: 0.03447982296347618.
[I 2026-07-10 00:38:23,074] Trial 67 pruned. 
[I 2026-07-10 00:38:56,655] Trial 68 pruned. 
[I 2026-07-10 00:39:37,272] Trial 69 pruned. 
[I 2026-07-10 00:40:19,894] Trial 70 pruned. 
[I 2026-07-10 00:41:02,489] Trial 71 pruned. 
[I 2026-07-10 00:43:40,939] Trial 72 finished with value: 0.0361383892595768 and parameters: {'num_conv_layers': 3, 'filters_l0': 256, 'filters_l1': 16, 'filters_l2': 16, 'kernel_size': 5, 'dilation_base': 2, 'lstm_units': 128, 'dropout_rate': 0.05, 'learning_rate': 0.0021226940920439064}. Best is trial 65 with value: 0.03447982296347618.
[I 2026-07-10 00:45:32,775] Trial 73 finished with value: 0.03774876892566681 and parameters: {'num_conv_layers': 3, 'filters_l0': 256, 'filters_l1': 16, 'filters_l2': 16, 'kernel_size': 5, 'dilation_base': 2, 'lstm_units': 128, 'dropout_rate': 0.05, 'learning_rate': 0.00271483944051487}. Best is trial 65 with value: 0.03447982296347618.
[I 2026-07-10 00:47:12,080] Trial 74 finished with value: 0.038201116025447845 and parameters: {'num_conv_layers': 3, 'filters_l0': 256, 'filters_l1': 16, 'filters_l2': 16, 'kernel_size': 5, 'dilation_base': 2, 'lstm_units': 128, 'dropout_rate': 0.05, 'learning_rate': 0.0028615422522536224}. Best is trial 65 with value: 0.03447982296347618.
[I 2026-07-10 00:47:47,735] Trial 75 pruned. 
[I 2026-07-10 00:49:46,664] Trial 76 finished with value: 0.03707173466682434 and parameters: {'num_conv_layers': 3, 'filters_l0': 256, 'filters_l1': 16, 'filters_l2': 16, 'kernel_size': 5, 'dilation_base': 2, 'lstm_units': 128, 'dropout_rate': 0.05, 'learning_rate': 0.0032627668733452918}. Best is trial 65 with value: 0.03447982296347618.
[I 2026-07-10 00:51:28,858] Trial 77 finished with value: 0.037676651030778885 and parameters: {'num_conv_layers': 3, 'filters_l0': 256, 'filters_l1': 16, 'filters_l2': 16, 'kernel_size': 5, 'dilation_base': 2, 'lstm_units': 128, 'dropout_rate': 0.05, 'learning_rate': 0.0026123485243923013}. Best is trial 65 with value: 0.03447982296347618.
[I 2026-07-10 00:51:58,503] Trial 78 pruned. 
[I 2026-07-10 00:53:43,280] Trial 79 finished with value: 0.040142450481653214 and parameters: {'num_conv_layers': 2, 'filters_l0': 256, 'filters_l1': 16, 'kernel_size': 5, 'dilation_base': 2, 'lstm_units': 128, 'dropout_rate': 0.05, 'learning_rate': 0.003153301538408065}. Best is trial 65 with value: 0.03447982296347618.
slurmstepd: error: *** JOB 8422708 ON node019 CANCELLED AT 2026-07-10T01:54:37 DUE TO TIME LIMIT ***
